<!DOCTYPE suite SYSTEM "http://testng.org/testng-1.0.dtd">
<suite name="Seam Booking Module Test Suite" verbose="1">
   <test name="Seam Booking Module - Unit Tests">


      <packages>
         <package name="org.jboss.seam.booking"/>
      </packages>
   </test>
</suite>
